Change Component Designator: OldDesignator=C27 NewDesignator=C13
Change Component Designator: OldDesignator=C28 NewDesignator=C16
Change Component Designator: OldDesignator=C29 NewDesignator=C17
Change Component Designator: OldDesignator=C30 NewDesignator=C32
Change Component Designator: OldDesignator=C31 NewDesignator=C33
Added Component: Designator=C27(1206)
Added Component: Designator=C28(1206)
Added Component: Designator=C29(1206)
Added Component: Designator=C30(1206)
Added Component: Designator=C31(1206)
Added Pin To Net: NetName=PGND Pin=C27-1
Added Pin To Net: NetName=VBUS Pin=C27-2
Added Pin To Net: NetName=PGND Pin=C28-1
Added Pin To Net: NetName=VBUS Pin=C28-2
Added Pin To Net: NetName=PGND Pin=C29-1
Added Pin To Net: NetName=VBUS Pin=C29-2
Added Pin To Net: NetName=PGND Pin=C30-1
Added Pin To Net: NetName=VBUS Pin=C30-2
Added Pin To Net: NetName=PGND Pin=C31-1
Added Pin To Net: NetName=VBUS Pin=C31-2
Change Net Name : Old Net Name=NetC27_1 New Net Name=NetC13_1
Change Net Name : Old Net Name=NetC29_1 New Net Name=NetC17_1
Added Member To Class: ClassName=Sheet1 Member=Component C27 100uF
Added Member To Class: ClassName=Sheet1 Member=Component C28 100uF
Added Member To Class: ClassName=Sheet1 Member=Component C29 100uF
Added Member To Class: ClassName=Sheet1 Member=Component C32 0.1uF
Added Member To Class: ClassName=Sheet1 Member=Component C33 0.1uF
