Removed Pin From Net: NetName=3V3 Pin=C13-1
Removed Pin From Net: NetName=DGND Pin=C13-2
Removed Pin From Net: NetName=DGND Pin=C16-1
Removed Pin From Net: NetName=3V3 Pin=C16-2
Removed Pin From Net: NetName=DGND Pin=C17-1
Removed Pin From Net: NetName=3V3 Pin=C17-2
Removed Pin From Net: NetName=3V3 Pin=C20-1
Removed Pin From Net: NetName=DGND Pin=CN1-5
Removed Pin From Net: NetName=PGND Pin=CN1-6
Removed Pin From Net: NetName=DGND Pin=H1-7
Removed Pin From Net: NetName=PGND Pin=H1-8
Removed Pin From Net: NetName=DGND Pin=H2-7
Removed Pin From Net: NetName=PGND Pin=H2-8
Removed Pin From Net: NetName=3V3 Pin=R13-1
Removed Pin From Net: NetName=DGND Pin=R14-1
Removed Pin From Net: NetName=DRV8323_LC Pin=U4-2
Removed Pin From Net: NetName=STATE_LED Pin=U4-3
Removed Pin From Net: NetName=DRV8323_SOA Pin=U4-5
Removed Pin From Net: NetName=DRV8323_SOB Pin=U4-6
Removed Pin From Net: NetName=DRV8323_SOC Pin=U4-7
Removed Pin From Net: NetName=DRV8323_CAL Pin=U4-9
Removed Pin From Net: NetName=DRV8323_EN Pin=U4-10
Removed Pin From Net: NetName=DRV8323_nF Pin=U4-11
Removed Pin From Net: NetName=DRV8323_LA Pin=U4-12
Removed Pin From Net: NetName=DRV8323_LB Pin=U4-13
Removed Pin From Net: NetName=DGND Pin=U4-14
Removed Pin From Net: NetName=NetC22_2 Pin=U4-15
Removed Pin From Net: NetName=DGND Pin=U4-16
Removed Pin From Net: NetName=3V3 Pin=U4-17
Removed Pin From Net: NetName=DRV8323_HA Pin=U4-18
Removed Pin From Net: NetName=DRV8323_HB Pin=U4-19
Removed Pin From Net: NetName=DRV8323_HC Pin=U4-20
Removed Pin From Net: NetName=FDCAN_RX Pin=U4-21
Removed Pin From Net: NetName=FDCAN_TX Pin=U4-22
Removed Pin From Net: NetName=SWDIO Pin=U4-23
Removed Pin From Net: NetName=SWCLK Pin=U4-24
Removed Pin From Net: NetName=ENCODER_CS Pin=U4-25
Removed Pin From Net: NetName=ENCODER_CLK Pin=U4-26
Removed Pin From Net: NetName=ENCODER_MISO Pin=U4-27
Removed Pin From Net: NetName=ENCODER_MOSI Pin=U4-28
Removed Pin From Net: NetName=DGND Pin=U4-32
Removed Pin From Net: NetName=DGND Pin=U4-33
Removed Pin From Net: NetName=ENCODER_MOSI Pin=U5-4
Removed Pin From Net: NetName=ENCODER_CS Pin=U5-5
Removed Pin From Net: NetName=ENCODER_MISO Pin=U5-7
Removed Pin From Net: NetName=DGND Pin=U5-8
Removed Pin From Net: NetName=ENCODER_CLK Pin=U5-12
Removed Pin From Net: NetName=3V3 Pin=U5-13
Removed Pin From Net: NetName=3V3 Pin=U5-14
Removed Member From Class: ClassName=Sheet1 Member=C13
Removed Member From Class: ClassName=Sheet1 Member=C16
Removed Member From Class: ClassName=Sheet1 Member=C17
Change Component Footprint: Designator=U5 Old Footprint=qfn-16-l3.0-w3.0-p0.50-tl-ep1.7 New Footprint=TSSOP-16_L5.0-W4.4-P0.65-LS6.4-BL-1
Change Component Footprint: Designator=U4 Old Footprint=UFQFPN-32_L5.0-W5.0-P0.50-BL-EP3.5 New Footprint=LQFP-48_L7.0-W7.0-P0.50-LS9.0-BL
Change Component Comment : Designator=C20 Old Comment=0.1uF New Comment=15pF
Change Component Comment : Designator=C12 Old Comment=1uF New Comment=100nF
Change Component Comment : Designator=R14 Old Comment=200K¦¸ New Comment=2K¦¸
Change Component Comment : Designator=U5 Old Comment=MA600 New Comment=MT6825GT-STD
Change Component Comment : Designator=U4 Old Comment=STM32G431KBU3 New Comment=STM32G474CET6_1
Change component parameters: Designator = "U4" ("U4"); Footprint = "UFQFPN-32_L5.0-W5.0-P0.50-BL-EP3.5"; UniqueID = "\RTQPZRRD" ("\RTQPZRRD")
Added Component: Designator=C11(c0402)
Added Component: Designator=C27(c0402)
Added Component: Designator=C28(c0402)
Added Component: Designator=C29(c0402)
Added Component: Designator=C30(c0402)
Added Component: Designator=C31(c0402)
Added Component: Designator=TP1(testpoint)
Added Component: Designator=TP2(testpoint)
Added Component: Designator=U7(SOT-23-3_L2.9-W1.3-P1.90-LS2.4-BR)
Added Component: Designator=Y1(OSC-3225-4P)
Add component (AddParameter): Name = "Value"; Value = "16M"; VariantName = "[No Variations]"
Added Pin To Net: NetName=DGND Pin=C11-2
Added Pin To Net: NetName=DGND Pin=C27-2
Added Pin To Net: NetName=3V3 Pin=C28-1
Added Pin To Net: NetName=DGND Pin=C28-2
Added Pin To Net: NetName=DGND Pin=C29-2
Added Pin To Net: NetName=5V Pin=C30-1
Added Pin To Net: NetName=DGND Pin=C30-2
Added Pin To Net: NetName=DGND Pin=C31-1
Added Pin To Net: NetName=3V3 Pin=C31-2
Added Pin To Net: NetName=DGND Pin=R13-2
Added Pin To Net: NetName=3V3 Pin=R14-2
Added Pin To Net: NetName=DGND Pin=TP2-1
Added Pin To Net: NetName=DRV8323_SOA Pin=U4-8
Added Pin To Net: NetName=DRV8323_SOB Pin=U4-9
Added Pin To Net: NetName=DRV8323_SOC Pin=U4-10
Added Pin To Net: NetName=ENCODER_CS Pin=U4-12
Added Pin To Net: NetName=ENCODER_CLK Pin=U4-13
Added Pin To Net: NetName=ENCODER_MISO Pin=U4-14
Added Pin To Net: NetName=ENCODER_MOSI Pin=U4-15
Added Pin To Net: NetName=DRV8323_CAL Pin=U4-16
Added Pin To Net: NetName=DRV8323_EN Pin=U4-17
Added Pin To Net: NetName=DRV8323_nF Pin=U4-18
Added Pin To Net: NetName=DGND Pin=U4-19
Added Pin To Net: NetName=NetC22_2 Pin=U4-21
Added Pin To Net: NetName=DGND Pin=U4-23
Added Pin To Net: NetName=3V3 Pin=U4-24
Added Pin To Net: NetName=DRV8323_LA Pin=U4-27
Added Pin To Net: NetName=DRV8323_LB Pin=U4-28
Added Pin To Net: NetName=DRV8323_LC Pin=U4-29
Added Pin To Net: NetName=DRV8323_HA Pin=U4-30
Added Pin To Net: NetName=DRV8323_HB Pin=U4-31
Added Pin To Net: NetName=DRV8323_HC Pin=U4-32
Added Pin To Net: NetName=FDCAN_RX Pin=U4-33
Added Pin To Net: NetName=FDCAN_TX Pin=U4-34
Added Pin To Net: NetName=DGND Pin=U4-35
Added Pin To Net: NetName=3V3 Pin=U4-36
Added Pin To Net: NetName=SWDIO Pin=U4-37
Added Pin To Net: NetName=SWCLK Pin=U4-38
Added Pin To Net: NetName=STATE_LED Pin=U4-46
Added Pin To Net: NetName=DGND Pin=U4-47
Added Pin To Net: NetName=3V3 Pin=U4-48
Added Pin To Net: NetName=DGND Pin=U5-4
Added Pin To Net: NetName=ENCODER_MISO Pin=U5-5
Added Pin To Net: NetName=ENCODER_MOSI Pin=U5-6
Added Pin To Net: NetName=ENCODER_CLK Pin=U5-7
Added Pin To Net: NetName=ENCODER_CS Pin=U5-8
Added Pin To Net: NetName=3V3 Pin=U5-9
Added Pin To Net: NetName=DGND Pin=U5-11
Added Pin To Net: NetName=DGND Pin=U5-12
Added Pin To Net: NetName=5V Pin=U7-1
Added Pin To Net: NetName=DGND Pin=U7-3
Added Pin To Net: NetName=DGND Pin=Y1-2
Added Pin To Net: NetName=DGND Pin=Y1-4
Added Pin To Net: NetName=ADC1_NTC Pin=R14-1
Added Pin To Net: NetName=ADC1_NTC Pin=TP1-1
Added Pin To Net: NetName=ADC1_NTC Pin=U4-25
Added Net: Name=ADC1_NTC
Added Pin To Net: NetName=ADC1_VCC Pin=R15-1
Added Pin To Net: NetName=ADC1_VCC Pin=R17-1
Added Pin To Net: NetName=ADC1_VCC Pin=U4-11
Added Net: Name=ADC1_VCC
Added Pin To Net: NetName=NetC11_1 Pin=C11-1
Added Pin To Net: NetName=NetC11_1 Pin=U4-5
Added Pin To Net: NetName=NetC11_1 Pin=Y1-3
Added Net: Name=NetC11_1
Added Pin To Net: NetName=NetC20_1 Pin=C20-1
Added Pin To Net: NetName=NetC20_1 Pin=U4-6
Added Pin To Net: NetName=NetC20_1 Pin=Y1-1
Added Net: Name=NetC20_1
Added Pin To Net: NetName=NetC27_1 Pin=C27-1
Added Pin To Net: NetName=NetC27_1 Pin=U4-7
Added Net: Name=NetC27_1
Added Pin To Net: NetName=NetC29_1 Pin=C29-1
Added Pin To Net: NetName=NetC29_1 Pin=U4-20
Added Pin To Net: NetName=NetC29_1 Pin=U7-2
Added Net: Name=NetC29_1
Added Pin To Net: NetName=NetR13_1 Pin=R13-1
Added Pin To Net: NetName=NetR13_1 Pin=U4-45
Added Net: Name=NetR13_1
Added Pin To Net: NetName=SW_Bit0 Pin=SW1-1
Added Pin To Net: NetName=SW_Bit0 Pin=U4-42
Added Net: Name=SW_Bit0
Added Pin To Net: NetName=SW_Bit1 Pin=SW1-2
Added Pin To Net: NetName=SW_Bit1 Pin=U4-43
Added Net: Name=SW_Bit1
Added Pin To Net: NetName=SW_Bit2 Pin=SW1-3
Added Pin To Net: NetName=SW_Bit2 Pin=U4-44
Added Net: Name=SW_Bit2
Added Member To Class: ClassName=Sheet1 Member=Component C11 15pF
Added Member To Class: ClassName=Sheet1 Member=Component C27 0.1uF
Added Member To Class: ClassName=Sheet1 Member=Component C28 0.1uF
Added Member To Class: ClassName=Sheet1 Member=Component C29 0.1uF
Added Member To Class: ClassName=Sheet1 Member=Component C30 0.1uF
Added Member To Class: ClassName=Sheet1 Member=Component C31 0.1uF
Added Member To Class: ClassName=Sheet1 Member=Component R14 2K¦¸
Added Member To Class: ClassName=Sheet1 Member=Component TP1 testpoint
Added Member To Class: ClassName=Sheet1 Member=Component TP2 testpoint
Added Member To Class: ClassName=Sheet1 Member=Component U7 REF3133AIDBZR
Added Member To Class: ClassName=Sheet1 Member=Component Y1 3225ÌùÆ¬¾§Õñ
