Change Physical Footprint: Designator=C1 Old Footprint=1206 New Footprint=1206
Change Physical Footprint: Designator=C2 Old Footprint=1206 New Footprint=1206
Change Physical Footprint: Designator=C3 Old Footprint=c0402 New Footprint=c0402
Change Physical Footprint: Designator=C4 Old Footprint=c0402 New Footprint=c0402
Change Physical Footprint: Designator=C5 Old Footprint=c0402 New Footprint=c0402
Change Physical Footprint: Designator=C6 Old Footprint=c0402 New Footprint=c0402
Change Physical Footprint: Designator=C7 Old Footprint=c0402 New Footprint=c0402
Change Physical Footprint: Designator=C8 Old Footprint=c0402 New Footprint=c0402
Change Physical Footprint: Designator=C9 Old Footprint=c0402 New Footprint=c0402
Change Physical Footprint: Designator=C10 Old Footprint=c0402 New Footprint=c0402
Change Physical Footprint: Designator=C12 Old Footprint=C0402 New Footprint=C0402
Change Physical Footprint: Designator=C13 Old Footprint=C0402 New Footprint=C0402
Change Physical Footprint: Designator=C15 Old Footprint=c0402 New Footprint=c0402
Change Physical Footprint: Designator=C16 Old Footprint=C0402 New Footprint=C0402
Change Physical Footprint: Designator=C17 Old Footprint=C0402 New Footprint=C0402
Change Physical Footprint: Designator=C20 Old Footprint=c0402 New Footprint=c0402
Change Physical Footprint: Designator=C21 Old Footprint=c0402 New Footprint=c0402
Change Physical Footprint: Designator=C22 Old Footprint=c0402 New Footprint=c0402
Change Physical Footprint: Designator=C23 Old Footprint=c0402 New Footprint=c0402
Change Physical Footprint: Designator=C24 Old Footprint=c0402 New Footprint=c0402
Change Physical Footprint: Designator=C25 Old Footprint=1206 New Footprint=1206
Change Physical Footprint: Designator=C26 Old Footprint=1206 New Footprint=1206
Change Physical Footprint: Designator=CN1 Old Footprint=CONN-SMD_4P-P1.25_GH1.25-4P New Footprint=CONN-SMD_4P-P1.25_GH1.25-4P
Change Physical Footprint: Designator=D1 Old Footprint=DFN-8_L3.0-W3.0-P0.65-BL New Footprint=DFN-8_L3.0-W3.0-P0.65-BL
Change Physical Footprint: Designator=D2 Old Footprint=DFN-8_L3.0-W3.0-P0.65-BL New Footprint=DFN-8_L3.0-W3.0-P0.65-BL
Change Physical Footprint: Designator=D3 Old Footprint=DFN-8_L3.0-W3.0-P0.65-BL New Footprint=DFN-8_L3.0-W3.0-P0.65-BL
Change Physical Footprint: Designator=D4 Old Footprint=DFN-8_L3.0-W3.0-P0.65-BL New Footprint=DFN-8_L3.0-W3.0-P0.65-BL
Change Physical Footprint: Designator=D5 Old Footprint=DFN-8_L3.0-W3.0-P0.65-BL New Footprint=DFN-8_L3.0-W3.0-P0.65-BL
Change Physical Footprint: Designator=D6 Old Footprint=DFN-8_L3.0-W3.0-P0.65-BL New Footprint=DFN-8_L3.0-W3.0-P0.65-BL
Change Physical Footprint: Designator=H1 Old Footprint=CONN-SMD_6P-P1.50_ZX-ZH1.5-6PWT New Footprint=CONN-SMD_6P-P1.50_ZX-ZH1.5-6PWT
Change Physical Footprint: Designator=H2 Old Footprint=CONN-SMD_6P-P1.50_ZX-ZH1.5-6PWT New Footprint=CONN-SMD_6P-P1.50_ZX-ZH1.5-6PWT
Change Physical Footprint: Designator=L1 Old Footprint=IND-SMD_L2.5-W2.0 New Footprint=IND-SMD_L2.5-W2.0
Change Physical Footprint: Designator=L2 Old Footprint=L0805 New Footprint=L0805
Change Physical Footprint: Designator=LED1 Old Footprint=led0805 New Footprint=led0805
Change Physical Footprint: Designator=R1 Old Footprint=R0402 New Footprint=R0402
Change Physical Footprint: Designator=R2 Old Footprint=R0402 New Footprint=R0402
Change Physical Footprint: Designator=R3 Old Footprint=R0402 New Footprint=R0402
Change Physical Footprint: Designator=R4 Old Footprint=R0402 New Footprint=R0402
Change Physical Footprint: Designator=R5 Old Footprint=R0402 New Footprint=R0402
Change Physical Footprint: Designator=R6 Old Footprint=R0402 New Footprint=R0402
Change Physical Footprint: Designator=R7 Old Footprint=R0402 New Footprint=R0402
Change Physical Footprint: Designator=R8 Old Footprint=1206 New Footprint=1206
Change Physical Footprint: Designator=R9 Old Footprint=1206 New Footprint=1206
Change Physical Footprint: Designator=R10 Old Footprint=1206 New Footprint=1206
Change Physical Footprint: Designator=R11 Old Footprint=R0402 New Footprint=R0402
Change Physical Footprint: Designator=R12 Old Footprint=R0402 New Footprint=R0402
Change Physical Footprint: Designator=R13 Old Footprint=R0402 New Footprint=R0402
Change Physical Footprint: Designator=R14 Old Footprint=R0402 New Footprint=R0402
Change Physical Footprint: Designator=R15 Old Footprint=R0402 New Footprint=R0402
Change Physical Footprint: Designator=R16 Old Footprint=R0402 New Footprint=R0402
Change Physical Footprint: Designator=R17 Old Footprint=R0402 New Footprint=R0402
Change Physical Footprint: Designator=R18 Old Footprint=R0402 New Footprint=R0402
Change Physical Footprint: Designator=R19 Old Footprint=R0402 New Footprint=R0402
Change Physical Footprint: Designator=SW1 Old Footprint=SW-SMD_6P-L5.4-W5.4-P1.27-LS8.4 New Footprint=SW-SMD_6P-L5.4-W5.4-P1.27-LS8.4
Change Physical Footprint: Designator=U1 Old Footprint=DFN-8_L3.0-W3.0-P0.65-BL-EP New Footprint=DFN-8_L3.0-W3.0-P0.65-BL-EP
Change Physical Footprint: Designator=U2 Old Footprint=QFN-40_L6.0-W6.0-P0.50-BL-EP4.5 New Footprint=QFN-40_L6.0-W6.0-P0.50-BL-EP4.5
Change Physical Footprint: Designator=U3 Old Footprint=SOT-23-5_L3.0-W1.7-P0.95-LS2.8-BR New Footprint=SOT-23-5_L3.0-W1.7-P0.95-LS2.8-BR
Change Physical Footprint: Designator=U4 Old Footprint=UFQFPN-32_L5.0-W5.0-P0.50-BL-EP3.5 New Footprint=UFQFPN-32_L5.0-W5.0-P0.50-BL-EP3.5
Change Physical Footprint: Designator=U5 Old Footprint=qfn-16-l3.0-w3.0-p0.50-tl-ep1.7 New Footprint=qfn-16-l3.0-w3.0-p0.50-tl-ep1.7
Change Physical Footprint: Designator=U6 Old Footprint=QFN-8 3x3 New Footprint=QFN-8 3x3
